Started HTTP and WebSocket JSON-RPC server at http://127.0.0.1:8545/

Accounts
========

WARNING: These accounts, and their private keys, are publicly known.
Any funds sent to them on Mainnet or any other live network WILL BE LOST.

Account #0: 0xf39Fd6e51aad88F6F4ce6aB8827279cffFb92266 (10000 ETH)
Private Key: 0xac0974bec39a17e36ba4a6b4d238ff944bacb478cbed5efcae784d7bf4f2ff80

Account #1: 0x70997970C51812dc3A010C7d01b50e0d17dc79C8 (10000 ETH)
Private Key: 0x59c6995e998f97a5a0044966f0945389dc9e86dae88c7a8412f4603b6b78690d

Account #2: 0x3C44CdDdB6a900fa2b585dd299e03d12FA4293BC (10000 ETH)
Private Key: 0x5de4111afa1a4b94908f83103eb1f1706367c2e68ca870fc3fb9a804cdab365a

Account #3: 0x90F79bf6EB2c4f870365E785982E1f101E93b906 (10000 ETH)
Private Key: 0x7c852118294e51e653712a81e05800f419141751be58f605c371e15141b007a6

Account #4: 0x15d34AAf54267DB7D7c367839AAf71A00a2C6A65 (10000 ETH)
Private Key: 0x47e179ec197488593b187f80a00eb0da91f1b9d0b13f8733639f19c30a34926a

Account #5: 0x9965507D1a55bcC2695C58ba16FB37d819B0A4dc (10000 ETH)
Private Key: 0x8b3a350cf5c34c9194ca85829a2df0ec3153be0318b5e2d3348e872092edffba

Account #6: 0x976EA74026E726554dB657fA54763abd0C3a0aa9 (10000 ETH)
Private Key: 0x92db14e403b83dfe3df233f83dfa3a0d7096f21ca9b0d6d6b8d88b2b4ec1564e

Account #7: 0x14dC79964da2C08b23698B3D3cc7Ca32193d9955 (10000 ETH)
Private Key: 0x4bbbf85ce3377467afe5d46f804f221813b2bb87f24d81f60f1fcdbf7cbf4356

Account #8: 0x23618e81E3f5cdF7f54C3d65f7FBc0aBf5B21E8f (10000 ETH)
Private Key: 0xdbda1821b80551c9d65939329250298aa3472ba22feea921c0cf5d620ea67b97

Account #9: 0xa0Ee7A142d267C1f36714E4a8F75612F20a79720 (10000 ETH)
Private Key: 0x2a871d0798f97d79848a013d4936a73bf4cc922c825d33c1cf7073dff6d409c6

Account #10: 0xBcd4042DE499D14e55001CcbB24a551F3b954096 (10000 ETH)
Private Key: 0xf214f2b2cd398c806f84e317254e0f0b801d0643303237d97a22a48e01628897

Account #11: 0x71bE63f3384f5fb98995898A86B02Fb2426c5788 (10000 ETH)
Private Key: 0x701b615bbdfb9de65240bc28bd21bbc0d996645a3dd57e7b12bc2bdf6f192c82

Account #12: 0xFABB0ac9d68B0B445fB7357272Ff202C5651694a (10000 ETH)
Private Key: 0xa267530f49f8280200edf313ee7af6b827f2a8bce2897751d06a843f644967b1

Account #13: 0x1CBd3b2770909D4e10f157cABC84C7264073C9Ec (10000 ETH)
Private Key: 0x47c99abed3324a2707c28affff1267e45918ec8c3f20b8aa892e8b065d2942dd

Account #14: 0xdF3e18d64BC6A983f673Ab319CCaE4f1a57C7097 (10000 ETH)
Private Key: 0xc526ee95bf44d8fc405a158bb884d9d1238d99f0612e9f33d006bb0789009aaa

Account #15: 0xcd3B766CCDd6AE721141F452C550Ca635964ce71 (10000 ETH)
Private Key: 0x8166f546bab6da521a8369cab06c5d2b9e46670292d85c875ee9ec20e84ffb61

Account #16: 0x2546BcD3c84621e976D8185a91A922aE77ECEc30 (10000 ETH)
Private Key: 0xea6c44ac03bff858b476bba40716402b03e41b8e97e276d1baec7c37d42484a0

Account #17: 0xbDA5747bFD65F08deb54cb465eB87D40e51B197E (10000 ETH)
Private Key: 0x689af8efa8c651a91ad287602527f3af2fe9f6501a7ac4b061667b5a93e037fd

Account #18: 0xdD2FD4581271e230360230F9337D5c0430Bf44C0 (10000 ETH)
Private Key: 0xde9be858da4a475276426320d5e9262ecfc3ba460bfac56360bfa6c4c28b4ee0

Account #19: 0x8626f6940E2eb28930eFb4CeF49B2d1F2C9C1199 (10000 ETH)
Private Key: 0xdf57089febbacf7ba0bc227dafbffa9fc08a93fdc68e1e42411a14efcf23656e

WARNING: These accounts, and their private keys, are publicly known.
Any funds sent to them on Mainnet or any other live network WILL BE LOST.

[32meth_chainId[0m
[32mhardhat_metadata[0m
[32mhardhat_metadata (2)[0m
[32mhardhat_metadata (3)[0m
[32mhardhat_metadata (4)[0m
[32mhardhat_metadata (5)[0m
[32mhardhat_metadata (6)[0m
[32mhardhat_metadata (7)[0m
[32mhardhat_metadata (8)[0m
[32mhardhat_metadata (9)[0m
[32mhardhat_metadata (10)[0m
[32mhardhat_metadata (11)[0m
[32mhardhat_metadata (12)[0m
[32mhardhat_metadata (13)[0m
[32mhardhat_metadata (14)[0m
[32mhardhat_metadata (15)[0m
[32mhardhat_metadata (16)[0m
[32mhardhat_metadata (17)[0m
[32mhardhat_metadata (18)[0m
[32mhardhat_metadata (19)[0m
[32mhardhat_metadata (20)[0m
[32mhardhat_metadata (21)[0m
[32mhardhat_metadata (22)[0m
[32mhardhat_metadata (23)[0m
[32mhardhat_metadata (24)[0m
[32mhardhat_metadata (25)[0m
[32mhardhat_metadata (26)[0m
[32mhardhat_metadata (27)[0m
[32mhardhat_metadata (28)[0m
[32mhardhat_metadata (29)[0m
[32mhardhat_metadata (30)[0m
[32mhardhat_metadata (31)[0m
[32mhardhat_metadata (32)[0m
[32mhardhat_metadata (33)[0m
[32mhardhat_metadata (34)[0m
[32mhardhat_metadata (35)[0m
[32mhardhat_metadata (36)[0m
[32mhardhat_metadata (37)[0m
[32mhardhat_metadata (38)[0m
[32mhardhat_metadata (39)[0m
[32mhardhat_metadata (40)[0m
[32meth_blockNumber[0m
[32meth_getBlockByNumber[0m
[32meth_feeHistory[0m
[32meth_maxPriorityFeePerGas[0m
[32meth_getTransactionCount[0m
[32meth_chainId[0m
[32meth_sendRawTransaction[0m
  Contract deployment: StablecoinManager
  Contract address:    0x5fbdb2315678afecb367f032d93f642f64180aa3
  Transaction:         0x248d60bf8935825ec3c65ec7fee0874d79197ae9874d635e9de656b82af8fedc
  From:                0xf39fd6e51aad88f6f4ce6ab8827279cfffb92266
  Value:               0 ETH
  Gas used:            397997 of 30000000
  Block #1:            0x471c66e4f795ba4702312eab526ec869d1a7e4031674ed920220dd2e2477120a

[32meth_getTransactionByHash[0m
[32meth_getTransactionReceipt[0m
[32mhardhat_metadata[0m
[32mhardhat_metadata (2)[0m
[32mhardhat_metadata (3)[0m
[32mhardhat_metadata (4)[0m
[32mhardhat_metadata (5)[0m
[32mhardhat_metadata (6)[0m
[32mhardhat_metadata (7)[0m
[32mhardhat_metadata (8)[0m
[32mhardhat_metadata (9)[0m
[32mhardhat_metadata (10)[0m
[32mhardhat_metadata (11)[0m
[32mhardhat_metadata (12)[0m
[32mhardhat_metadata (13)[0m
[32mhardhat_metadata (14)[0m
[32mhardhat_metadata (15)[0m
[32mhardhat_metadata (16)[0m
[32mhardhat_metadata (17)[0m
[32mhardhat_metadata (18)[0m
[32mhardhat_metadata (19)[0m
[32mhardhat_metadata (20)[0m
[32meth_chainId[0m
[31manvil_metadata - Method not supported[0m
[32mhardhat_metadata[0m
[32meth_chainId[0m
[31manvil_metadata - Method not supported[0m
[32mhardhat_metadata[0m
[32meth_blockNumber[0m
[32meth_feeHistory[0m
[32meth_getTransactionCount[0m
[32meth_sendRawTransaction[0m
  Contract deployment: LiquidityPoolV3
  Contract address:    0xe7f1725e7734ce288f8367e1bb143e90bb3f0512
  Transaction:         0x7fbda439a4010fb84b6f5007ef98eef9e9da558c688285e820e451f8db0892e8
  From:                0xf39fd6e51aad88f6f4ce6ab8827279cfffb92266
  Value:               0 ETH
  Gas used:            4550836 of 30000000
  Block #2:            0xff6fe1ffa3a2eae79f8918f4fb1431c4b74293b1a3e45c11235fc53f270348c0

[32meth_getTransactionByHash[0m
[32meth_chainId[0m
[32meth_getTransactionReceipt[0m
[32meth_getCode[0m
[32meth_call[0m
  WARNING: Calling an account which is not a contract
  From:                0xf39fd6e51aad88f6f4ce6ab8827279cfffb92266
  To:                  0xf39fd6e51aad88f6f4ce6ab8827279cfffb92266

[32meth_blockNumber[0m
[32meth_feeHistory[0m
[32meth_getTransactionCount[0m
[32meth_sendRawTransaction[0m
  Contract deployment: <UnrecognizedContract>
  Contract address:    0x9fe46736679d2d9a65f0992f2272de9f3c7fa6e0
  Transaction:         0xad9ebe2aa06db0a3a98286e8b689b5543fc90d615ee7e47282a46a908f78224b
  From:                0xf39fd6e51aad88f6f4ce6ab8827279cfffb92266
  Value:               0 ETH
  Gas used:            1289086 of 30000000
  Block #3:            0x9cf2469c64b60676c2c3a22d238cc19b9721b598e871bc1ab814f3512d444885

[32meth_getTransactionByHash[0m
[32meth_getTransactionReceipt[0m
[32mhardhat_metadata[0m
[32mhardhat_metadata (2)[0m
[32mhardhat_metadata (3)[0m
[32mhardhat_metadata (4)[0m
[32mhardhat_metadata (5)[0m
[32mhardhat_metadata (6)[0m
[32mhardhat_metadata (7)[0m
[32mhardhat_metadata (8)[0m
[32mhardhat_metadata (9)[0m
[32mhardhat_metadata (10)[0m
[32mhardhat_metadata (11)[0m
[32mhardhat_metadata (12)[0m
[32mhardhat_metadata (13)[0m
[32mhardhat_metadata (14)[0m
[32mhardhat_metadata (15)[0m
[32mhardhat_metadata (16)[0m
[32mhardhat_metadata (17)[0m
[32mhardhat_metadata (18)[0m
[32mhardhat_metadata (19)[0m
[32mhardhat_metadata (20)[0m
[32meth_blockNumber[0m
[32meth_feeHistory[0m
[32meth_getTransactionCount[0m
[32meth_sendRawTransaction[0m
  Contract deployment: LendingManager
  Contract address:    0xcf7ed3acca5a467e9e704c703e8d87f634fb0fc9
  Transaction:         0x5bc76004480941af5de0e31639976798cdf608faeb0fd2956c5a387314055b97
  From:                0xf39fd6e51aad88f6f4ce6ab8827279cfffb92266
  Value:               0 ETH
  Gas used:            1923167 of 30000000
  Block #4:            0x5baebad9ebd1adcc295b12228fef60a1f760c40c1c3c5cb250a73bcb862bff1f

[32meth_getTransactionByHash[0m
[32meth_getTransactionReceipt[0m
[32meth_blockNumber[0m
[32meth_feeHistory[0m
[32meth_getTransactionCount[0m
[32meth_sendRawTransaction[0m
  Contract call:       <UnrecognizedContract>
  Transaction:         0x9bfa8c62ceb87da831e7618308643c76a4190b20aeecaa0d19fa4f8981c17c63
  From:                0xf39fd6e51aad88f6f4ce6ab8827279cfffb92266
  To:                  0x9fe46736679d2d9a65f0992f2272de9f3c7fa6e0
  Value:               0 ETH
  Gas used:            51226 of 30000000
  Block #5:            0x96786948a15bbe0d786743b59273a03c1408b1845c5592efda21ccb929049fef

[32meth_getTransactionByHash[0m
[32mhardhat_metadata[0m
[32mhardhat_metadata (2)[0m
[32mhardhat_metadata (3)[0m
[32mhardhat_metadata (4)[0m
[32mhardhat_metadata (5)[0m
[32mhardhat_metadata (6)[0m
[32mhardhat_metadata (7)[0m
[32mhardhat_metadata (8)[0m
[32mhardhat_metadata (9)[0m
[32mhardhat_metadata (10)[0m
[32mhardhat_metadata (11)[0m
[32mhardhat_metadata (12)[0m
[32mhardhat_metadata (13)[0m
[32mhardhat_metadata (14)[0m
[32mhardhat_metadata (15)[0m
[32mhardhat_metadata (16)[0m
[32mhardhat_metadata (17)[0m
[32mhardhat_metadata (18)[0m
[32mhardhat_metadata (19)[0m
[32mhardhat_metadata (20)[0m
[32meth_blockNumber[0m
[32meth_feeHistory[0m
[32meth_getTransactionCount[0m
[32meth_sendRawTransaction[0m
  Contract deployment: GlintToken
  Contract address:    0x5fc8d32690cc91d4c39d9d3abcbd16989f875707
  Transaction:         0x92533af658b0852155912e80bb34b48a1b76f9e0ae65b6ddf7bca4e2d9087f6b
  From:                0xf39fd6e51aad88f6f4ce6ab8827279cfffb92266
  Value:               0 ETH
  Gas used:            554037 of 30000000
  Block #6:            0xba6782d5a8f02798f9db357439a2c56a12671fa3b682b31b762cefb8c9cb69b0

[32meth_getTransactionByHash[0m
[32meth_getTransactionReceipt[0m
[32mhardhat_metadata[0m
[32mhardhat_metadata (2)[0m
[32mhardhat_metadata (3)[0m
[32mhardhat_metadata (4)[0m
[32mhardhat_metadata (5)[0m
[32mhardhat_metadata (6)[0m
[32mhardhat_metadata (7)[0m
[32mhardhat_metadata (8)[0m
[32mhardhat_metadata (9)[0m
[32mhardhat_metadata (10)[0m
[32mhardhat_metadata (11)[0m
[32mhardhat_metadata (12)[0m
[32mhardhat_metadata (13)[0m
[32mhardhat_metadata (14)[0m
[32mhardhat_metadata (15)[0m
[32mhardhat_metadata (16)[0m
[32mhardhat_metadata (17)[0m
[32mhardhat_metadata (18)[0m
[32mhardhat_metadata (19)[0m
[32mhardhat_metadata (20)[0m
[32meth_blockNumber[0m
[32meth_feeHistory[0m
[32meth_getTransactionCount[0m
[32meth_sendRawTransaction[0m
  Contract deployment: MockPriceFeed
  Contract address:    0x0165878a594ca255338adfa4d48449f69242eb8f
  Transaction:         0x7bca5f942274ee048f86af6f718b5c28417c0298f3a5335d0ee6b145aa65e6c0
  From:                0xf39fd6e51aad88f6f4ce6ab8827279cfffb92266
  Value:               0 ETH
  Gas used:            211223 of 30000000
  Block #7:            0x54cf2e84ffecbc7162d4ceb84c6659dd359dcc17a34f2cd9b43209294594b050

[32meth_getTransactionByHash[0m
[32meth_getTransactionReceipt[0m
[32mhardhat_metadata[0m
[32mhardhat_metadata (2)[0m
[32mhardhat_metadata (3)[0m
[32mhardhat_metadata (4)[0m
[32mhardhat_metadata (5)[0m
[32mhardhat_metadata (6)[0m
[32mhardhat_metadata (7)[0m
[32mhardhat_metadata (8)[0m
[32mhardhat_metadata (9)[0m
[32mhardhat_metadata (10)[0m
[32mhardhat_metadata (11)[0m
[32mhardhat_metadata (12)[0m
[32mhardhat_metadata (13)[0m
[32mhardhat_metadata (14)[0m
[32mhardhat_metadata (15)[0m
[32mhardhat_metadata (16)[0m
[32mhardhat_metadata (17)[0m
[32mhardhat_metadata (18)[0m
[32mhardhat_metadata (19)[0m
[32mhardhat_metadata (20)[0m
[32meth_blockNumber[0m
[32meth_feeHistory[0m
[32meth_getTransactionCount[0m
[32meth_sendRawTransaction[0m
  Contract deployment: OracleMock
  Contract address:    0xa513e6e4b8f2a923d98304ec87f64353c4d5c853
  Transaction:         0x6aae843af20fed594e0b21fb6cdcef67a1067ac888fdb2d7c8af34665dda4c33
  From:                0xf39fd6e51aad88f6f4ce6ab8827279cfffb92266
  Value:               0 ETH
  Gas used:            111329 of 30000000
  Block #8:            0x0eb973f9e1bb57283bee6c4190b1e81edfc920c87209372d8b00d1d0be9ff08d

[32meth_getTransactionByHash[0m
[32meth_getTransactionReceipt[0m
[32mhardhat_metadata[0m
[32mhardhat_metadata (2)[0m
[32mhardhat_metadata (3)[0m
[32mhardhat_metadata (4)[0m
[32mhardhat_metadata (5)[0m
[32mhardhat_metadata (6)[0m
[32mhardhat_metadata (7)[0m
[32mhardhat_metadata (8)[0m
[32mhardhat_metadata (9)[0m
[32mhardhat_metadata (10)[0m
[32mhardhat_metadata (11)[0m
[32mhardhat_metadata (12)[0m
[32mhardhat_metadata (13)[0m
[32mhardhat_metadata (14)[0m
[32mhardhat_metadata (15)[0m
[32mhardhat_metadata (16)[0m
[32mhardhat_metadata (17)[0m
[32mhardhat_metadata (18)[0m
[32mhardhat_metadata (19)[0m
[32mhardhat_metadata (20)[0m
[32meth_blockNumber[0m
[32meth_feeHistory[0m
[32meth_getTransactionCount[0m
[32meth_sendRawTransaction[0m
  Contract deployment: InterestRateModel
  Contract address:    0x2279b7a0a67db372996a5fab50d91eaa73d2ebe6
  Transaction:         0xa104f5ec0e342ca745131f1a84268b04b2fe18a45f1cac3cd8321f1ddbabc30c
  From:                0xf39fd6e51aad88f6f4ce6ab8827279cfffb92266
  Value:               0 ETH
  Gas used:            968805 of 30000000
  Block #9:            0x4ebf432116d7d5cc3a8a8944cf216095fbd573dd3ad6efeed652086001adbecb

[32meth_getTransactionByHash[0m
[32meth_getTransactionReceipt[0m
[32meth_blockNumber[0m
[32meth_feeHistory[0m
[32meth_getTransactionCount[0m
[32meth_sendRawTransaction[0m
  Contract call:       <UnrecognizedContract>
  Transaction:         0xf62723a9676759bc87e92d794361d8a898039af97bb6e773852cf9d6ef29c72a
  From:                0xf39fd6e51aad88f6f4ce6ab8827279cfffb92266
  To:                  0x9fe46736679d2d9a65f0992f2272de9f3c7fa6e0
  Value:               0 ETH
  Gas used:            97400 of 30000000
  Block #10:           0x973eb11aaf323c534d652755093531beb5b2593402136ba9f97770d82d671d85

[32meth_getTransactionByHash[0m
[32meth_blockNumber[0m
[32meth_feeHistory[0m
[32meth_getTransactionCount[0m
[32meth_sendRawTransaction[0m
  Contract call:       <UnrecognizedContract>
  Transaction:         0x2037a541c8889fe9f5de5572aca2f3876eb9d0d37bf568617f3828fb324289a3
  From:                0xf39fd6e51aad88f6f4ce6ab8827279cfffb92266
  To:                  0x9fe46736679d2d9a65f0992f2272de9f3c7fa6e0
  Value:               0 ETH
  Gas used:            53895 of 30000000
  Block #11:           0x75e015dba421c89a78757f5457f86a257559862c30b5a77ae09b26017a756b56

[32meth_getTransactionByHash[0m
[32meth_blockNumber[0m
[32meth_feeHistory[0m
[32meth_getTransactionCount[0m
[32meth_sendRawTransaction[0m
  Contract deployment: MockPriceFeed
  Contract address:    0xb7f8bc63bbcad18155201308c8f3540b07f84f5e
  Transaction:         0x220d89c0a3c7491f5fe3deeb2ef48fe633187690cfe2312840c2e083db54bf45
  From:                0xf39fd6e51aad88f6f4ce6ab8827279cfffb92266
  Value:               0 ETH
  Gas used:            211211 of 30000000
  Block #12:           0xa3833316fefd5c9ee07c9e9a350051c2134cb92b45b01e90f52210f5e8f2bf24

[32meth_getTransactionByHash[0m
[32meth_getTransactionReceipt[0m
[32meth_blockNumber[0m
[32meth_feeHistory[0m
[32meth_getTransactionCount[0m
[32meth_sendRawTransaction[0m
  Contract call:       <UnrecognizedContract>
  Transaction:         0x928c1f87b2b8b93b88c0bbc49f0e9ebbd9f8fc745f446204b7f689d609a2a81a
  From:                0xf39fd6e51aad88f6f4ce6ab8827279cfffb92266
  To:                  0x9fe46736679d2d9a65f0992f2272de9f3c7fa6e0
  Value:               0 ETH
  Gas used:            82788 of 30000000
  Block #13:           0x8f3af57733e640088178da78056a4984b61ca1a98ff0ab881538b2edbe04fa9a

[32meth_getTransactionByHash[0m
[32meth_blockNumber[0m
[32meth_feeHistory[0m
[32meth_getTransactionCount[0m
[32meth_sendRawTransaction[0m
  Contract call:       <UnrecognizedContract>
  Transaction:         0xcdf5325e78b38226a2c78521a3d87f203ab3420eff4efecf4dd5108014d0fc49
  From:                0xf39fd6e51aad88f6f4ce6ab8827279cfffb92266
  To:                  0x9fe46736679d2d9a65f0992f2272de9f3c7fa6e0
  Value:               0 ETH
  Gas used:            53895 of 30000000
  Block #14:           0xd0c81dec2cd30ca03d3f2a9933c2958018b50102819a5287d5ef8579a6369416

[32meth_getTransactionByHash[0m
[32mhardhat_metadata[0m
[32mhardhat_metadata (2)[0m
[32mhardhat_metadata (3)[0m
[32mhardhat_metadata (4)[0m
[32mhardhat_metadata (5)[0m
[32mhardhat_metadata (6)[0m
[32mhardhat_metadata (7)[0m
[32mhardhat_metadata (8)[0m
[32mhardhat_metadata (9)[0m
[32mhardhat_metadata (10)[0m
[32mhardhat_metadata (11)[0m
[32mhardhat_metadata (12)[0m
[32mhardhat_metadata (13)[0m
[32mhardhat_metadata (14)[0m
[32mhardhat_metadata (15)[0m
[32mhardhat_metadata (16)[0m
[32mhardhat_metadata (17)[0m
[32mhardhat_metadata (18)[0m
[32mhardhat_metadata (19)[0m
[32mhardhat_metadata (20)[0m
[32meth_blockNumber[0m
[32meth_feeHistory[0m
[32meth_getTransactionCount[0m
[32meth_sendRawTransaction[0m
  Transaction:         0x177e63c505e6584f80bb20ec3aeea43da60f6aa59396630c491a1482c56a9b72
  From:                0xf39fd6e51aad88f6f4ce6ab8827279cfffb92266
  To:                  0x3c44cdddb6a900fa2b585dd299e03d12fa4293bc
  Value:               100. ETH
  Gas used:            21000 of 30000000
  Block #15:           0x64175969d25a1ae4cf0cb3a41d4c3c21896c4e63008d8c8f212dec6cc60d76b3

[32meth_getTransactionByHash[0m
[32meth_getTransactionReceipt[0m
[32meth_blockNumber[0m
[32meth_feeHistory[0m
[32meth_getTransactionCount[0m
[32meth_sendRawTransaction[0m
  Transaction:         0x2a715da99fd7e8efbdab4082d8ffc12abbb98cda853d43716106b6ffb66b8309
  From:                0xf39fd6e51aad88f6f4ce6ab8827279cfffb92266
  To:                  0x90f79bf6eb2c4f870365e785982e1f101e93b906
  Value:               10. ETH
  Gas used:            21000 of 30000000
  Block #16:           0xf75c7a7b7373b3c50baa5528d33f5f9801b10a95af706bc57c2228635876a8c6

[32meth_getTransactionByHash[0m
[32meth_getTransactionReceipt[0m
[32meth_getCode[0m
[32mhardhat_metadata[0m
[32mhardhat_metadata (2)[0m
[32mhardhat_metadata (3)[0m
[32mhardhat_metadata (4)[0m
[32mhardhat_metadata (5)[0m
[32mhardhat_metadata (6)[0m
[32mhardhat_metadata (7)[0m
[32mhardhat_metadata (8)[0m
[32mhardhat_metadata (9)[0m
[32mhardhat_metadata (10)[0m
[32mhardhat_metadata (11)[0m
[32mhardhat_metadata (12)[0m
[32mhardhat_metadata (13)[0m
[32mhardhat_metadata (14)[0m
[32mhardhat_metadata (15)[0m
[32mhardhat_metadata (16)[0m
[32mhardhat_metadata (17)[0m
[32mhardhat_metadata (18)[0m
[32mhardhat_metadata (19)[0m
[32mhardhat_metadata (20)[0m
[32mhardhat_metadata (21)[0m
[32mhardhat_metadata (22)[0m
[32mhardhat_metadata (23)[0m
[32mhardhat_metadata (24)[0m
[32mhardhat_metadata (25)[0m
[32mhardhat_metadata (26)[0m
[32mhardhat_metadata (27)[0m
[32mhardhat_metadata (28)[0m
[32mhardhat_metadata (29)[0m
[32mhardhat_metadata (30)[0m
[32mhardhat_metadata (31)[0m
[32mhardhat_metadata (32)[0m
[32mhardhat_metadata (33)[0m
[32mhardhat_metadata (34)[0m
[32mhardhat_metadata (35)[0m
[32mhardhat_metadata (36)[0m
[32mhardhat_metadata (37)[0m
[32mhardhat_metadata (38)[0m
[32mhardhat_metadata (39)[0m
[32mhardhat_metadata (40)[0m
[32mhardhat_metadata (41)[0m
[32mhardhat_metadata (42)[0m
[32mhardhat_metadata (43)[0m
[32mhardhat_metadata (44)[0m
[32mhardhat_metadata (45)[0m
[32mhardhat_metadata (46)[0m
[32mhardhat_metadata (47)[0m
[32mhardhat_metadata (48)[0m
[32mhardhat_metadata (49)[0m
[32mhardhat_metadata (50)[0m
[32mhardhat_metadata (51)[0m
[32mhardhat_metadata (52)[0m
[32mhardhat_metadata (53)[0m
[32mhardhat_metadata (54)[0m
[32mhardhat_metadata (55)[0m
[32mhardhat_metadata (56)[0m
[32mhardhat_metadata (57)[0m
[32mhardhat_metadata (58)[0m
[32mhardhat_metadata (59)[0m
[32mhardhat_metadata (60)[0m
[32meth_blockNumber[0m
[32meth_feeHistory[0m
[32meth_getTransactionCount[0m
[32meth_sendRawTransaction[0m
  Contract call:       LendingManager#depositFunds
  Transaction:         0xc6bf347329bca310cac78776f53bed46e8b84e935472a5a83d168e91b41ff649
  From:                0x3c44cdddb6a900fa2b585dd299e03d12fa4293bc
  To:                  0xcf7ed3acca5a467e9e704c703e8d87f634fb0fc9
  Value:               50. ETH
  Gas used:            179506 of 30000000
  Block #17:           0x13aa9c1e57f608ed23d33232b7bacf93811563f1f5bf9b178fe078abb559155b

[32meth_getTransactionByHash[0m
[32mevm_increaseTime[0m
[32mevm_mine[0m
  Mined empty block #18 with base fee 100044762

[32mevm_increaseTime[0m
[32mevm_mine[0m
  Mined empty block #19 with base fee 87539167

[32mevm_increaseTime[0m
[32mevm_mine[0m
  Mined empty block #20 with base fee 76596772

[32mevm_increaseTime[0m
[32mevm_mine[0m
  Mined empty block #21 with base fee 67022176

[32mevm_increaseTime[0m
[32mevm_mine[0m
  Mined empty block #22 with base fee 58644404

[32mevm_increaseTime[0m
[32mevm_mine[0m
  Mined empty block #23 with base fee 51313854

[32mevm_increaseTime[0m
[32mevm_mine[0m
  Mined empty block #24 with base fee 44899623

[32meth_blockNumber[0m
[32meth_feeHistory[0m
[32meth_maxPriorityFeePerGas[0m
[32meth_getTransactionCount[0m
[32meth_sendRawTransaction[0m
  Contract call:       LendingManager#claimInterest
  Transaction:         0xfa95bef4ec087d5974b5303dd0091dfc529530a71993f758272d1336b9524790
  From:                0x3c44cdddb6a900fa2b585dd299e03d12fa4293bc
  To:                  0xcf7ed3acca5a467e9e704c703e8d87f634fb0fc9
  Value:               0 ETH
  Gas used:            126488 of 30000000
  Block #25:           0x48b71c5adeaffd2789131655cc672d8cdd7c869ec749f05241beb167f229a32e

[32meth_getTransactionByHash[0m
[32mevm_increaseTime[0m
[32mevm_mine[0m
  Mined empty block #26 with base fee 34417686

[32mevm_increaseTime[0m
[32mevm_mine[0m
  Mined empty block #27 with base fee 30115476

[32mevm_increaseTime[0m
[32mevm_mine[0m
  Mined empty block #28 with base fee 26351042

[32mevm_increaseTime[0m
[32mevm_mine[0m
  Mined empty block #29 with base fee 23057162

[32mevm_increaseTime[0m
[32mevm_mine[0m
  Mined empty block #30 with base fee 20175017

[32mevm_increaseTime[0m
[32mevm_mine[0m
  Mined empty block #31 with base fee 17653140

[32mevm_increaseTime[0m
[32mevm_mine[0m
  Mined empty block #32 with base fee 15446498

[32meth_blockNumber[0m
[32meth_feeHistory[0m
[32meth_maxPriorityFeePerGas[0m
[32meth_getTransactionCount[0m
[32meth_sendRawTransaction[0m
  Contract call:       LendingManager#claimInterest
  Transaction:         0xa6694098a871857e45c80ed6314086df1ad996a5df2a530717a2966aae06735e
  From:                0x3c44cdddb6a900fa2b585dd299e03d12fa4293bc
  To:                  0xcf7ed3acca5a467e9e704c703e8d87f634fb0fc9
  Value:               0 ETH
  Gas used:            119730 of 30000000
  Block #33:           0x9b880a52adb5996fff2c7e6c8e868d8eda92c6f1ad0683cf83e0b88ab57119cb

[32meth_getTransactionByHash[0m
[32mevm_increaseTime[0m
[32mevm_mine[0m
  Mined empty block #34 with base fee 11839711

[32meth_blockNumber[0m
[32meth_feeHistory[0m
[32meth_maxPriorityFeePerGas[0m
[32meth_getTransactionCount[0m
[32meth_sendRawTransaction[0m
  Contract call:       LendingManager#depositFunds
  Transaction:         0xb606992b71bc366a67d9552b8d23868672688c61a47ea625ef737b3e6bea080b
  From:                0x3c44cdddb6a900fa2b585dd299e03d12fa4293bc
  To:                  0xcf7ed3acca5a467e9e704c703e8d87f634fb0fc9
  Value:               5. ETH
  Gas used:            123935 of 30000000
  Block #35:           0xe6c45e60c735d6d49ecb5033ece0461e65b034fa8982362cd83051e6a5eff6bd

[32meth_getTransactionByHash[0m
[32mevm_increaseTime[0m
[32mevm_mine[0m
  Mined empty block #36 with base fee 9075479

[32mevm_increaseTime[0m
[32mevm_mine[0m
  Mined empty block #37 with base fee 7941045

[32mevm_increaseTime[0m
[32mevm_mine[0m
  Mined empty block #38 with base fee 6948415

[32mevm_increaseTime[0m
[32mevm_mine[0m
  Mined empty block #39 with base fee 6079864

[32mevm_increaseTime[0m
[32mevm_mine[0m
  Mined empty block #40 with base fee 5319881

[32mevm_increaseTime[0m
[32mevm_mine[0m
  Mined empty block #41 with base fee 4654896

[32meth_blockNumber[0m
[32meth_feeHistory[0m
[32meth_maxPriorityFeePerGas[0m
[32meth_getTransactionCount[0m
[32meth_sendRawTransaction[0m
  Contract call:       LendingManager#claimInterest
  Transaction:         0x3580e0086507f41eac53b87debd1a40233268525c441b6d820794b163375a45f
  From:                0x3c44cdddb6a900fa2b585dd299e03d12fa4293bc
  To:                  0xcf7ed3acca5a467e9e704c703e8d87f634fb0fc9
  Value:               0 ETH
  Gas used:            116514 of 30000000
  Block #42:           0xf4b0364041e89181bf256689293bf9bd18db97e3f90f121a92760d8e2062b904

[32meth_getTransactionByHash[0m
[32mevm_increaseTime[0m
[32mevm_mine[0m
  Mined empty block #43 with base fee 3567860

[32mevm_increaseTime[0m
[32mevm_mine[0m
  Mined empty block #44 with base fee 3121878

[32mevm_increaseTime[0m
[32mevm_mine[0m
  Mined empty block #45 with base fee 2731644

[32mevm_increaseTime[0m
[32mevm_mine[0m
  Mined empty block #46 with base fee 2390189

[32mevm_increaseTime[0m
[32mevm_mine[0m
  Mined empty block #47 with base fee 2091416

[32mevm_increaseTime[0m
[32mevm_mine[0m
  Mined empty block #48 with base fee 1829989

[32mevm_increaseTime[0m
[32mevm_mine[0m
  Mined empty block #49 with base fee 1601241

[32meth_blockNumber[0m
[32meth_feeHistory[0m
[32meth_maxPriorityFeePerGas[0m
[32meth_getTransactionCount[0m
[32meth_sendRawTransaction[0m
  Contract call:       LendingManager#claimInterest
  Transaction:         0xe076912870166501c480a39ca60ac7b6d0bfece2d8fdeb55556a7d61b947ff3b
  From:                0x3c44cdddb6a900fa2b585dd299e03d12fa4293bc
  To:                  0xcf7ed3acca5a467e9e704c703e8d87f634fb0fc9
  Value:               0 ETH
  Gas used:            133573 of 30000000
  Block #50:           0xbe53e7da061063eb78296577ad87787f8c96d20da746c3895e35767b4d7d5e40

[32meth_getTransactionByHash[0m
[32mevm_increaseTime[0m
[32mevm_mine[0m
  Mined empty block #51 with base fee 1227510

[32mevm_increaseTime[0m
[32mevm_mine[0m
  Mined empty block #52 with base fee 1074072

[32meth_blockNumber[0m
[32meth_feeHistory[0m
[32meth_maxPriorityFeePerGas[0m
[32meth_getTransactionCount[0m
[32meth_sendRawTransaction[0m
  Contract call:       LendingManager#depositFunds
  Transaction:         0x9a30a07279da07ea7dd068408dba6bee1f5ca47b3b37058beb7c628b4e9c7eb8
  From:                0x3c44cdddb6a900fa2b585dd299e03d12fa4293bc
  To:                  0xcf7ed3acca5a467e9e704c703e8d87f634fb0fc9
  Value:               5. ETH
  Gas used:            142475 of 30000000
  Block #53:           0x77e115365f1d274282abb33cb910645f9a9a7d47fdb8f03f52b1a878bf6aa80c

[32meth_getTransactionByHash[0m
[32meth_blockNumber[0m
[32meth_feeHistory[0m
[32meth_getTransactionCount[0m
[32meth_sendRawTransaction[0m
  Contract call:       LendingManager#requestWithdrawal
  Transaction:         0xef284f725ed00d1e7f62ced03f01ccfdef6f6752d5591bb98d893edeeeeae17c
  From:                0x3c44cdddb6a900fa2b585dd299e03d12fa4293bc
  To:                  0xcf7ed3acca5a467e9e704c703e8d87f634fb0fc9
  Value:               0 ETH
  Gas used:            149371 of 30000000
  Block #54:           0x16d0dfcec45c2269b5893a00b936903fd745a40947391d276c955b53536640e8

[32meth_getTransactionByHash[0m
[32mevm_increaseTime[0m
[32mevm_mine[0m
  Mined empty block #55 with base fee 721547

[32meth_blockNumber[0m
[32meth_feeHistory[0m
[32meth_maxPriorityFeePerGas[0m
[32meth_getTransactionCount[0m
[32meth_sendRawTransaction[0m
  Contract call:       LendingManager#completeWithdrawal
  Transaction:         0x71241b15df6e407eccad4c9f4264e5a6f4c061f400d9d4486a05569ba917c021
  From:                0x3c44cdddb6a900fa2b585dd299e03d12fa4293bc
  To:                  0xcf7ed3acca5a467e9e704c703e8d87f634fb0fc9
  Value:               0 ETH
  Gas used:            71792 of 30000000
  Block #56:           0x0fdf67b20d057af71d6cef5eac88120ab041c83a660aef132cb83cfecc64b99b

[32meth_getTransactionByHash[0m
[32mevm_increaseTime[0m
[32mevm_mine[0m
  Mined empty block #57 with base fee 552813

[32mevm_increaseTime[0m
[32mevm_mine[0m
  Mined empty block #58 with base fee 483712

[32mevm_increaseTime[0m
[32mevm_mine[0m
  Mined empty block #59 with base fee 423248

[32mevm_increaseTime[0m
[32mevm_mine[0m
  Mined empty block #60 with base fee 370342

[32mevm_increaseTime[0m
[32mevm_mine[0m
  Mined empty block #61 with base fee 324050

[32meth_blockNumber[0m
[32meth_feeHistory[0m
[32meth_maxPriorityFeePerGas[0m
[32meth_getTransactionCount[0m
[32meth_sendRawTransaction[0m
  Contract call:       LendingManager#claimInterest
  Transaction:         0x3fe74b0f09ee645725042337b75df0cf9163c5729055d1236aed7051f8d245a8
  From:                0x3c44cdddb6a900fa2b585dd299e03d12fa4293bc
  To:                  0xcf7ed3acca5a467e9e704c703e8d87f634fb0fc9
  Value:               0 ETH
  Gas used:            135054 of 30000000
  Block #62:           0xedd10e4f23719602775e1afd6455cd91081c66bbd0e4ff0ede13da09c77e4a05

[32meth_getTransactionByHash[0m
[32mevm_increaseTime[0m
[32mevm_mine[0m
  Mined empty block #63 with base fee 248421

[32mevm_increaseTime[0m
[32mevm_mine[0m
  Mined empty block #64 with base fee 217369

[32mevm_increaseTime[0m
[32mevm_mine[0m
  Mined empty block #65 with base fee 190198

[32mevm_increaseTime[0m
[32mevm_mine[0m
  Mined empty block #66 with base fee 166424

[32mevm_increaseTime[0m
[32mevm_mine[0m
  Mined empty block #67 with base fee 145621

[32mevm_increaseTime[0m
[32mevm_mine[0m
  Mined empty block #68 with base fee 127419

[32mevm_increaseTime[0m
[32mevm_mine[0m
  Mined empty block #69 with base fee 111492

[32meth_blockNumber[0m
[32meth_feeHistory[0m
[32meth_maxPriorityFeePerGas[0m
[32meth_getTransactionCount[0m
[32meth_sendRawTransaction[0m
  Contract call:       LendingManager#claimInterest
  Transaction:         0x305759f5eef22ed537ee83d869b946332d6cb228d8b71bf927ae07f36eb48397
  From:                0x3c44cdddb6a900fa2b585dd299e03d12fa4293bc
  To:                  0xcf7ed3acca5a467e9e704c703e8d87f634fb0fc9
  Value:               0 ETH
  Gas used:            148405 of 30000000
  Block #70:           0x185e3fb87e7b250ec770b775888543e9123ab572e08e1a4d542a737846f41d5c

[32meth_getTransactionByHash[0m
[32mevm_increaseTime[0m
[32mevm_mine[0m
  Mined empty block #71 with base fee 85483

[32mevm_increaseTime[0m
[32mevm_mine[0m
  Mined empty block #72 with base fee 74798

[32mevm_increaseTime[0m
[32mevm_mine[0m
  Mined empty block #73 with base fee 65449

[32meth_blockNumber[0m
[32meth_feeHistory[0m
[32meth_maxPriorityFeePerGas[0m
[32meth_getTransactionCount[0m
[32meth_sendRawTransaction[0m
  Contract call:       LendingManager#depositFunds
  Transaction:         0xba9e808fe61e06ee2304e8bb8cf2583c49c9a66c3784261077769fab40cc3f7a
  From:                0x3c44cdddb6a900fa2b585dd299e03d12fa4293bc
  To:                  0xcf7ed3acca5a467e9e704c703e8d87f634fb0fc9
  Value:               5. ETH
  Gas used:            162251 of 30000000
  Block #74:           0xee9aec61c6d2b53e690f4d9ed5af3da103c0cbf1a7dacb7c4f96990396b1cff1

[32meth_getTransactionByHash[0m
[32mevm_increaseTime[0m
[32mevm_mine[0m
  Mined empty block #75 with base fee 50187

[32mevm_increaseTime[0m
[32mevm_mine[0m
  Mined empty block #76 with base fee 43914

[32mevm_increaseTime[0m
[32mevm_mine[0m
  Mined empty block #77 with base fee 38425

[32mevm_increaseTime[0m
[32mevm_mine[0m
  Mined empty block #78 with base fee 33622

[32meth_blockNumber[0m
[32meth_feeHistory[0m
[32meth_maxPriorityFeePerGas[0m
[32meth_getTransactionCount[0m
[32meth_sendRawTransaction[0m
  Contract call:       LendingManager#claimInterest
  Transaction:         0xefd2d82ba28aee97aa153e911674e13af6cbc624b21580abc5e8d84db619b07a
  From:                0x3c44cdddb6a900fa2b585dd299e03d12fa4293bc
  To:                  0xcf7ed3acca5a467e9e704c703e8d87f634fb0fc9
  Value:               0 ETH
  Gas used:            152358 of 30000000
  Block #79:           0x43f9fbbf3039808a8982f679f38e09edf7725e1243f43049e8419d5183a8ef2f

[32meth_getTransactionByHash[0m
[32mevm_increaseTime[0m
[32mevm_mine[0m
  Mined empty block #80 with base fee 25780

[32mevm_increaseTime[0m
[32mevm_mine[0m
  Mined empty block #81 with base fee 22558

[32mevm_increaseTime[0m
[32mevm_mine[0m
  Mined empty block #82 with base fee 19739

[32mevm_increaseTime[0m
[32mevm_mine[0m
  Mined empty block #83 with base fee 17272

[32mevm_increaseTime[0m
[32mevm_mine[0m
  Mined empty block #84 with base fee 15113

[32mevm_increaseTime[0m
[32mevm_mine[0m
  Mined empty block #85 with base fee 13224

[32mevm_increaseTime[0m
[32mevm_mine[0m
  Mined empty block #86 with base fee 11571

[32meth_blockNumber[0m
[32meth_feeHistory[0m
[32meth_maxPriorityFeePerGas[0m
[32meth_getTransactionCount[0m
[32meth_sendRawTransaction[0m
  Contract call:       LendingManager#claimInterest
  Transaction:         0x50cf8b8859db1f6bc1946ac8245925c8d70ebe3a9cd7f2b0971ec8a283140d18
  From:                0x3c44cdddb6a900fa2b585dd299e03d12fa4293bc
  To:                  0xcf7ed3acca5a467e9e704c703e8d87f634fb0fc9
  Value:               0 ETH
  Gas used:            162248 of 30000000
  Block #87:           0x8a53950b6957c62a70d1aef4daa0bf5bd82a832bbe6d5223abdfeecd938f996c

[32meth_getTransactionByHash[0m
[32mevm_increaseTime[0m
[32mevm_mine[0m
  Mined empty block #88 with base fee 8874

[32mevm_increaseTime[0m
[32mevm_mine[0m
  Mined empty block #89 with base fee 7765

[32mevm_increaseTime[0m
[32mevm_mine[0m
  Mined empty block #90 with base fee 6795

[32mevm_increaseTime[0m
[32mevm_mine[0m
  Mined empty block #91 with base fee 5946

[32meth_blockNumber[0m
[32meth_feeHistory[0m
[32meth_maxPriorityFeePerGas[0m
[32meth_getTransactionCount[0m
[32meth_sendRawTransaction[0m
  Contract call:       LendingManager#depositFunds
  Transaction:         0x73fa562c22b4bdde8b5f70c2fc6ad9f160b17701e23c317a8aefefc4530669ac
  From:                0x3c44cdddb6a900fa2b585dd299e03d12fa4293bc
  To:                  0xcf7ed3acca5a467e9e704c703e8d87f634fb0fc9
  Value:               5. ETH
  Gas used:            180791 of 30000000
  Block #92:           0xf89c8ed3f6ea7e4009b3bb6f335b4aae58a865e32fa7de46fb49fdeb0a1945a0

[32meth_getTransactionByHash[0m
[32meth_blockNumber[0m
[32meth_feeHistory[0m
[32meth_getTransactionCount[0m
[32meth_sendRawTransaction[0m
  Contract call:       LendingManager#requestWithdrawal
  Transaction:         0x940542d490e177290ad456fc403a1781c3436a302efbcfafc7148b2e3b4ede11
  From:                0x3c44cdddb6a900fa2b585dd299e03d12fa4293bc
  To:                  0xcf7ed3acca5a467e9e704c703e8d87f634fb0fc9
  Value:               0 ETH
  Gas used:            153487 of 30000000
  Block #93:           0xcf9264817100b700e3e996fb8ee1b2d360429c17d217f84fafaf4894db68731a

[32meth_getTransactionByHash[0m
[32mevm_increaseTime[0m
[32mevm_mine[0m
  Mined empty block #94 with base fee 3997

[32meth_blockNumber[0m
[32meth_feeHistory[0m
[32meth_maxPriorityFeePerGas[0m
[32meth_getTransactionCount[0m
[32meth_sendRawTransaction[0m
  Contract call:       LendingManager#completeWithdrawal
  Transaction:         0x1165808afb2b6c0704d0bff11489a111b21b553187f1c7031a2ddc87d8489ca4
  From:                0x3c44cdddb6a900fa2b585dd299e03d12fa4293bc
  To:                  0xcf7ed3acca5a467e9e704c703e8d87f634fb0fc9
  Value:               0 ETH
  Gas used:            71792 of 30000000
  Block #95:           0x2d0d5064108914171785cfa95d7077f4503b8c678c2e5ca086a9a48cc1ca4df4

[32meth_getTransactionByHash[0m
[32meth_call[0m
  Contract call:       LendingManager#getLenderInfo
  From:                0xf39fd6e51aad88f6f4ce6ab8827279cfffb92266
  To:                  0xcf7ed3acca5a467e9e704c703e8d87f634fb0fc9

[32meth_blockNumber[0m
[32meth_feeHistory[0m
[32meth_getTransactionCount[0m
[32meth_sendRawTransaction[0m
  Contract call:       <UnrecognizedContract>
  Transaction:         0x4e6c134a651f2c2eac592f03eec054fe5504a6323e7a71046fd646c028fe008f
  From:                0xf39fd6e51aad88f6f4ce6ab8827279cfffb92266
  To:                  0x9fe46736679d2d9a65f0992f2272de9f3c7fa6e0
  Value:               0 ETH
  Gas used:            52946 of 30000000
  Block #96:           0x7f91a9dfc49d0a46da01f9b1e1bc854ba04a8080786a901aac5327f04f757efe

[32meth_getTransactionByHash[0m
[32meth_blockNumber[0m
[32meth_feeHistory[0m
[32meth_getTransactionCount[0m
[32meth_sendRawTransaction[0m
  Contract call:       GlintToken#transfer
  Transaction:         0x2c0285fea4e9194e3bed661aa09ffbb8133f5eedb4b1f95182f26fcdf6163966
  From:                0xf39fd6e51aad88f6f4ce6ab8827279cfffb92266
  To:                  0x5fc8d32690cc91d4c39d9d3abcbd16989f875707
  Value:               0 ETH
  Gas used:            51632 of 30000000
  Block #97:           0xffeba70f1a9c864c19bdf3d5934d3ee7c1af2bf206251a585c3bde9b3ae032c6

[32meth_getTransactionByHash[0m
[32meth_blockNumber[0m
[32meth_feeHistory[0m
[32meth_getTransactionCount[0m
[32meth_sendRawTransaction[0m
  Contract call:       GlintToken#approve
  Transaction:         0x8f97efe8d3c8231a43654c48a1466f6182fa4dbc23042c849deac69ffd1f55f5
  From:                0x90f79bf6eb2c4f870365e785982e1f101e93b906
  To:                  0x5fc8d32690cc91d4c39d9d3abcbd16989f875707
  Value:               0 ETH
  Gas used:            46383 of 30000000
  Block #98:           0xe423a32f33d1ec9d379b7a2d235629057fccc7e54b44504e1472507a88ee131f

[32meth_getTransactionByHash[0m
[32meth_blockNumber[0m
[32meth_feeHistory[0m
[32meth_getTransactionCount[0m
[32meth_sendRawTransaction[0m
  Contract call:       <UnrecognizedContract>
  Transaction:         0x9579cb3bfa0348aa408180e4367fe5b3a84d159f30b6266b944c84cee2d60782
  From:                0x90f79bf6eb2c4f870365e785982e1f101e93b906
  To:                  0x9fe46736679d2d9a65f0992f2272de9f3c7fa6e0
  Value:               0 ETH
  Gas used:            151371 of 30000000
  Block #99:           0xdc7f6439624948b5e30bbf3d40e8e1c5a434e97de8da2281c424a91b3f9ffa51

[32meth_getTransactionByHash[0m
[32mevm_increaseTime[0m
[32mevm_mine[0m
  Mined empty block #100 with base fee 1802

[32meth_call[0m
  Contract call:       <UnrecognizedContract>
  From:                0xf39fd6e51aad88f6f4ce6ab8827279cfffb92266
  To:                  0x9fe46736679d2d9a65f0992f2272de9f3c7fa6e0

[32meth_blockNumber[0m
[32meth_feeHistory[0m
[32meth_maxPriorityFeePerGas[0m
[32meth_getTransactionCount[0m
[32meth_sendRawTransaction[0m
  Contract call:       <UnrecognizedContract>
  Transaction:         0xd5f9501abd69eeb2881e99b332de73a69de3d4c4672bb0cc8122b72d692923b8
  From:                0x90f79bf6eb2c4f870365e785982e1f101e93b906
  To:                  0x9fe46736679d2d9a65f0992f2272de9f3c7fa6e0
  Value:               0 ETH
  Gas used:            204543 of 30000000
  Block #101:          0x40852ad34687457614539b204f63dfb29dc30d783f58864055854df2800f71ce

[32meth_getTransactionByHash[0m
[32mevm_increaseTime[0m
[32mevm_mine[0m
  Mined empty block #102 with base fee 1383

[32meth_call[0m
  Contract call:       <UnrecognizedContract>
  From:                0xf39fd6e51aad88f6f4ce6ab8827279cfffb92266
  To:                  0x9fe46736679d2d9a65f0992f2272de9f3c7fa6e0

[32meth_blockNumber[0m
[32meth_feeHistory[0m
[32meth_maxPriorityFeePerGas[0m
[32meth_getTransactionCount[0m
[32meth_sendRawTransaction[0m
  Contract call:       <UnrecognizedContract>
  Transaction:         0x0d314e5b66c038da51a22130f15c8bc3527e27d6adad7495aa4ac97a01f4ce63
  From:                0x90f79bf6eb2c4f870365e785982e1f101e93b906
  To:                  0x9fe46736679d2d9a65f0992f2272de9f3c7fa6e0
  Value:               1.5 ETH
  Gas used:            76704 of 30000000
  Block #103:          0x022ea274ee0f4d1228cf4d5bb23d56cc593674a3b7ee0d965b8e03b4ab2fd31b

[32meth_getTransactionByHash[0m
[32meth_blockNumber[0m
[32meth_feeHistory[0m
[32meth_getTransactionCount[0m
[32meth_sendRawTransaction[0m
  Contract call:       GlintToken#transfer
  Transaction:         0x968457b66ef80e3f775bcf4857acd3f4107e237b90d6f901062e498812556ece
  From:                0xf39fd6e51aad88f6f4ce6ab8827279cfffb92266
  To:                  0x5fc8d32690cc91d4c39d9d3abcbd16989f875707
  Value:               0 ETH
  Gas used:            51632 of 30000000
  Block #104:          0x371ab0cd61a67d40db880841f229220ff5a5b690d246fff88b087c2963b01a9b

[32meth_getTransactionByHash[0m
[32meth_blockNumber[0m
[32meth_feeHistory[0m
[32meth_getTransactionCount[0m
[32meth_sendRawTransaction[0m
  Contract call:       GlintToken#approve
  Transaction:         0x49e9c6e162a384b756a59fb515de981090f739835af37ff35d242004d0986dd7
  From:                0x90f79bf6eb2c4f870365e785982e1f101e93b906
  To:                  0x5fc8d32690cc91d4c39d9d3abcbd16989f875707
  Value:               0 ETH
  Gas used:            46383 of 30000000
  Block #105:          0xc2ccefc180b828c4a1dddea1bfac6aa0894bee6e04fa2b6297ac7fb3947e5024

[32meth_getTransactionByHash[0m
[32meth_blockNumber[0m
[32meth_feeHistory[0m
[32meth_getTransactionCount[0m
[32meth_sendRawTransaction[0m
  Contract call:       <UnrecognizedContract>
  Transaction:         0x0ead4c43a7c4e7baf1ffbd6f497c93c0de3587c591e2d78d3750ba99fbcb9a19
  From:                0x90f79bf6eb2c4f870365e785982e1f101e93b906
  To:                  0x9fe46736679d2d9a65f0992f2272de9f3c7fa6e0
  Value:               0 ETH
  Gas used:            52701 of 30000000
  Block #106:          0xcde1aaf43ccee99ed6ae3a09554c91b3100742f8391280ee7d7b2d67bdb5a72d

[32meth_getTransactionByHash[0m
[32mevm_increaseTime[0m
[32mevm_mine[0m
  Mined empty block #107 with base fee 713

[32meth_call[0m
  Contract call:       <UnrecognizedContract>
  From:                0xf39fd6e51aad88f6f4ce6ab8827279cfffb92266
  To:                  0x9fe46736679d2d9a65f0992f2272de9f3c7fa6e0

[32meth_blockNumber[0m
[32meth_feeHistory[0m
[32meth_maxPriorityFeePerGas[0m
[32meth_getTransactionCount[0m
[32meth_sendRawTransaction[0m
  Contract call:       <UnrecognizedContract>
  Transaction:         0xaaa29d0814a96e628efd8317d255038405c03ee727ff588a1504cdad6da2874f
  From:                0x90f79bf6eb2c4f870365e785982e1f101e93b906
  To:                  0x9fe46736679d2d9a65f0992f2272de9f3c7fa6e0
  Value:               0.5 ETH
  Gas used:            51740 of 30000000
  Block #108:          0xda0f1c12c48a66c9d052b13727ec43c4232f536e8062c74ca0912a029f776803

[32meth_getTransactionByHash[0m
[32mevm_increaseTime[0m
[32mevm_mine[0m
  Mined empty block #109 with base fee 547

[32meth_call[0m
  Contract call:       <UnrecognizedContract>
  From:                0xf39fd6e51aad88f6f4ce6ab8827279cfffb92266
  To:                  0x9fe46736679d2d9a65f0992f2272de9f3c7fa6e0

[32meth_blockNumber[0m
[32meth_feeHistory[0m
[32meth_maxPriorityFeePerGas[0m
[32meth_getTransactionCount[0m
[32meth_sendRawTransaction[0m
  Contract call:       <UnrecognizedContract>
  Transaction:         0x81a74a699c83e26e3e374e46493775251c5bd8be6535e7201ca771fd20f38957
  From:                0x90f79bf6eb2c4f870365e785982e1f101e93b906
  To:                  0x9fe46736679d2d9a65f0992f2272de9f3c7fa6e0
  Value:               0 ETH
  Gas used:            187443 of 30000000
  Block #110:          0xff1833baf6005f6016e4c98091c6ecfa2b793e40fe81ff5a0297c5ca1fa85d10

[32meth_getTransactionByHash[0m
[32meth_blockNumber[0m
[32meth_feeHistory[0m
[32meth_getTransactionCount[0m
[32meth_sendRawTransaction[0m
  Contract call:       GlintToken#transfer
  Transaction:         0x541d25f79061d04bb02467de311ba1bb49dc103cb1fcdcd7eb3233a6602bb890
  From:                0xf39fd6e51aad88f6f4ce6ab8827279cfffb92266
  To:                  0x5fc8d32690cc91d4c39d9d3abcbd16989f875707
  Value:               0 ETH
  Gas used:            51632 of 30000000
  Block #111:          0xa671931e1edf8c2b5d9cddd2d087723da8ba14154fb11cd90e24f3876fede2e0

[32meth_getTransactionByHash[0m
[32meth_blockNumber[0m
[32meth_feeHistory[0m
[32meth_getTransactionCount[0m
[32meth_sendRawTransaction[0m
  Contract call:       GlintToken#approve
  Transaction:         0x1cba63c0715ddc92c5fe0e1fd511d174c16bee31d4eb963a1ed262fecc158144
  From:                0x90f79bf6eb2c4f870365e785982e1f101e93b906
  To:                  0x5fc8d32690cc91d4c39d9d3abcbd16989f875707
  Value:               0 ETH
  Gas used:            46383 of 30000000
  Block #112:          0x5d0083bfda51414940fb37982e983a94692f00fc72a9f69f440f60944a949e8d

[32meth_getTransactionByHash[0m
[32meth_blockNumber[0m
[32meth_feeHistory[0m
[32meth_getTransactionCount[0m
[32meth_sendRawTransaction[0m
  Contract call:       <UnrecognizedContract>
  Transaction:         0xab235f2b682b73619be0bb8c2e46913a5fe700b1797b7722d6467520ce6b40da
  From:                0x90f79bf6eb2c4f870365e785982e1f101e93b906
  To:                  0x9fe46736679d2d9a65f0992f2272de9f3c7fa6e0
  Value:               0 ETH
  Gas used:            52701 of 30000000
  Block #113:          0xf526c8acc6164c09b839a1b66f9750ff91af6751534ea2377b131b17ad39976d

[32meth_getTransactionByHash[0m
[32mevm_increaseTime[0m
[32mevm_mine[0m
  Mined empty block #114 with base fee 283

[32meth_call[0m
  Contract call:       <UnrecognizedContract>
  From:                0xf39fd6e51aad88f6f4ce6ab8827279cfffb92266
  To:                  0x9fe46736679d2d9a65f0992f2272de9f3c7fa6e0

[32meth_blockNumber[0m
[32meth_feeHistory[0m
[32meth_maxPriorityFeePerGas[0m
[32meth_getTransactionCount[0m
[32meth_sendRawTransaction[0m
  Contract call:       <UnrecognizedContract>
  Transaction:         0xc4a91caff3dcfd4a1cc2df70e21a4658bcea2b4f80004389b18793752bb55fbb
  From:                0x90f79bf6eb2c4f870365e785982e1f101e93b906
  To:                  0x9fe46736679d2d9a65f0992f2272de9f3c7fa6e0
  Value:               1.5 ETH
  Gas used:            59604 of 30000000
  Block #115:          0x5dc29ca0266696d7d7d5bc8d1660f64d9578e13cd28c2e9442d57253af9e6931

[32meth_getTransactionByHash[0m
[32mevm_increaseTime[0m
[32mevm_mine[0m
  Mined empty block #116 with base fee 218

[32meth_call[0m
  Contract call:       <UnrecognizedContract>
  From:                0xf39fd6e51aad88f6f4ce6ab8827279cfffb92266
  To:                  0x9fe46736679d2d9a65f0992f2272de9f3c7fa6e0

[32meth_blockNumber[0m
[32meth_feeHistory[0m
[32meth_maxPriorityFeePerGas[0m
[32meth_getTransactionCount[0m
[32meth_sendRawTransaction[0m
  Contract call:       <UnrecognizedContract>
  Transaction:         0xffb57f3f23816abc12500e1fa8bd2c2e97ce7c041786222d701489e26020eddd
  From:                0x90f79bf6eb2c4f870365e785982e1f101e93b906
  To:                  0x9fe46736679d2d9a65f0992f2272de9f3c7fa6e0
  Value:               0.5 ETH
  Gas used:            51740 of 30000000
  Block #117:          0xd5fd5d1bb4a75d30422fc2e71929833585a8c3820daaab93ce6faf7d3a6fbe18

[32meth_getTransactionByHash[0m
[32meth_blockNumber[0m
[32meth_feeHistory[0m
[32meth_getTransactionCount[0m
[32meth_sendRawTransaction[0m
  Contract call:       GlintToken#transfer
  Transaction:         0x966b2c8701c8a1cfc0c92e7afaec28efabbd191a3543feea222bfb8af71bab7c
  From:                0xf39fd6e51aad88f6f4ce6ab8827279cfffb92266
  To:                  0x5fc8d32690cc91d4c39d9d3abcbd16989f875707
  Value:               0 ETH
  Gas used:            51632 of 30000000
  Block #118:          0xc37105446b88ef139bd7906441e4c6bd1694bc3565b9d1396d8ced8521a2d4d4

[32meth_getTransactionByHash[0m
[32meth_blockNumber[0m
[32meth_feeHistory[0m
[32meth_getTransactionCount[0m
[32meth_sendRawTransaction[0m
  Contract call:       GlintToken#approve
  Transaction:         0xf63b2dc1768d488d7d08b3d7eadbe019ec63a7ace3215e5d1116a9d23e342c8f
  From:                0x90f79bf6eb2c4f870365e785982e1f101e93b906
  To:                  0x5fc8d32690cc91d4c39d9d3abcbd16989f875707
  Value:               0 ETH
  Gas used:            46383 of 30000000
  Block #119:          0x1a242800f046fecb524d8fdfc3689b6dfaa97f79cf274eac2a34ba7a57afb227

[32meth_getTransactionByHash[0m
[32meth_blockNumber[0m
[32meth_feeHistory[0m
[32meth_getTransactionCount[0m
[32meth_sendRawTransaction[0m
  Contract call:       <UnrecognizedContract>
  Transaction:         0xfd3c4cd5f82532c314576b6bcc3d4c5b70f40e6838d0e8a4212a977cdc12f9c1
  From:                0x90f79bf6eb2c4f870365e785982e1f101e93b906
  To:                  0x9fe46736679d2d9a65f0992f2272de9f3c7fa6e0
  Value:               0 ETH
  Gas used:            52701 of 30000000
  Block #120:          0x072ced0afec6ea1d20c6c7830078afeb82327296de627be050c2d86f2d42ab91

[32meth_getTransactionByHash[0m
[32mevm_increaseTime[0m
[32mevm_mine[0m
  Mined empty block #121 with base fee 114

[32meth_call[0m
  Contract call:       <UnrecognizedContract>
  From:                0xf39fd6e51aad88f6f4ce6ab8827279cfffb92266
  To:                  0x9fe46736679d2d9a65f0992f2272de9f3c7fa6e0

[32meth_blockNumber[0m
[32meth_feeHistory[0m
[32meth_maxPriorityFeePerGas[0m
[32meth_getTransactionCount[0m
[32meth_sendRawTransaction[0m
  Contract call:       <UnrecognizedContract>
  Transaction:         0x13b0c1ad88268f7644aabec2853c8ad1128df58495a858f927ec95c2a6b006de
  From:                0x90f79bf6eb2c4f870365e785982e1f101e93b906
  To:                  0x9fe46736679d2d9a65f0992f2272de9f3c7fa6e0
  Value:               0 ETH
  Gas used:            187443 of 30000000
  Block #122:          0xb7df2046ae1844540523026b5f2403928d32ace04f6e29cff77ec9b29e1f73f7

[32meth_getTransactionByHash[0m
[32mevm_increaseTime[0m
[32mevm_mine[0m
  Mined empty block #123 with base fee 88

[32meth_call[0m
  Contract call:       <UnrecognizedContract>
  From:                0xf39fd6e51aad88f6f4ce6ab8827279cfffb92266
  To:                  0x9fe46736679d2d9a65f0992f2272de9f3c7fa6e0

[32meth_blockNumber[0m
[32meth_feeHistory[0m
[32meth_maxPriorityFeePerGas[0m
[32meth_getTransactionCount[0m
[32meth_sendRawTransaction[0m
  Contract call:       <UnrecognizedContract>
  Transaction:         0xc64affcf40a4271879e50d3780498569c979213f86731a1a0e9c181d7a811471
  From:                0x90f79bf6eb2c4f870365e785982e1f101e93b906
  To:                  0x9fe46736679d2d9a65f0992f2272de9f3c7fa6e0
  Value:               1.5 ETH
  Gas used:            59604 of 30000000
  Block #124:          0x2c34be1ea81b17c5aea5e0df07b88938081d7b10f27a87f573834fdcbaf9faa9

[32meth_getTransactionByHash[0m
[32meth_blockNumber[0m
[32meth_feeHistory[0m
[32meth_getTransactionCount[0m
[32meth_sendRawTransaction[0m
  Contract call:       GlintToken#transfer
  Transaction:         0xcf6950f80c686d6eec5ae4db13bdbe6a3ffd7bab20d14af2b99a0464ec1782f4
  From:                0xf39fd6e51aad88f6f4ce6ab8827279cfffb92266
  To:                  0x5fc8d32690cc91d4c39d9d3abcbd16989f875707
  Value:               0 ETH
  Gas used:            51632 of 30000000
  Block #125:          0x664bf113ed3583ca8ddfeca06de0fb3516c5b78e2b3e66d05a381c70be2e5e32

[32meth_getTransactionByHash[0m
[32meth_blockNumber[0m
[32meth_feeHistory[0m
[32meth_getTransactionCount[0m
[32meth_sendRawTransaction[0m
  Contract call:       GlintToken#approve
  Transaction:         0xa8cdfe95159847ffdd761768d52bda9282099993adfff0f88de3115765686640
  From:                0x90f79bf6eb2c4f870365e785982e1f101e93b906
  To:                  0x5fc8d32690cc91d4c39d9d3abcbd16989f875707
  Value:               0 ETH
  Gas used:            46383 of 30000000
  Block #126:          0x81a836d4ecd1191626c92d4183ca97fede66b0d57af0b9e8a04d142a68e9032f

[32meth_getTransactionByHash[0m
[32meth_blockNumber[0m
[32meth_feeHistory[0m
[32meth_getTransactionCount[0m
[32meth_sendRawTransaction[0m
  Contract call:       <UnrecognizedContract>
  Transaction:         0x1e488320ee69c11e96c8dd6f00b74f0aabb74c1e75dee0de3ad5b3b2ec4d0d81
  From:                0x90f79bf6eb2c4f870365e785982e1f101e93b906
  To:                  0x9fe46736679d2d9a65f0992f2272de9f3c7fa6e0
  Value:               0 ETH
  Gas used:            52701 of 30000000
  Block #127:          0xf73bd294cd6de4fc5e633f8a4a18b04fab7a776082b322f47a1de06a25a45016

[32meth_getTransactionByHash[0m
[32meth_call[0m
  Contract call:       <UnrecognizedContract>
  From:                0xf39fd6e51aad88f6f4ce6ab8827279cfffb92266
  To:                  0x9fe46736679d2d9a65f0992f2272de9f3c7fa6e0

[32meth_call[0m
  Contract call:       <UnrecognizedContract>
  From:                0xf39fd6e51aad88f6f4ce6ab8827279cfffb92266
  To:                  0x9fe46736679d2d9a65f0992f2272de9f3c7fa6e0

[32meth_call[0m
  Contract call:       <UnrecognizedContract>
  From:                0xf39fd6e51aad88f6f4ce6ab8827279cfffb92266
  To:                  0x9fe46736679d2d9a65f0992f2272de9f3c7fa6e0

[32meth_call[0m
  Contract call:       <UnrecognizedContract>
  From:                0xf39fd6e51aad88f6f4ce6ab8827279cfffb92266
  To:                  0x9fe46736679d2d9a65f0992f2272de9f3c7fa6e0

[32meth_blockNumber[0m
[32meth_getCode[0m
[32meth_getCode (2)[0m
[32meth_call[0m
  Contract call:       <UnrecognizedContract>
  From:                0x90f79bf6eb2c4f870365e785982e1f101e93b906
  To:                  0x9fe46736679d2d9a65f0992f2272de9f3c7fa6e0

[32meth_getLogs[0m
[32meth_call[0m
  Contract call:       <UnrecognizedContract>
  From:                0x90f79bf6eb2c4f870365e785982e1f101e93b906
  To:                  0x9fe46736679d2d9a65f0992f2272de9f3c7fa6e0

[32meth_blockNumber[0m
[32meth_call[0m
  Contract call:       <UnrecognizedContract>
  From:                0x90f79bf6eb2c4f870365e785982e1f101e93b906
  To:                  0x9fe46736679d2d9a65f0992f2272de9f3c7fa6e0

[32meth_accounts[0m
[32meth_call[0m
  Contract call:       <UnrecognizedContract>
  From:                0xf39fd6e51aad88f6f4ce6ab8827279cfffb92266
  To:                  0x9fe46736679d2d9a65f0992f2272de9f3c7fa6e0

[32meth_blockNumber[0m
[32meth_call[0m
  Contract call:       <UnrecognizedContract>
  From:                0xf39fd6e51aad88f6f4ce6ab8827279cfffb92266
  To:                  0x9fe46736679d2d9a65f0992f2272de9f3c7fa6e0

[32meth_call[0m
  Contract call:       <UnrecognizedContract>
  From:                0xf39fd6e51aad88f6f4ce6ab8827279cfffb92266
  To:                  0x9fe46736679d2d9a65f0992f2272de9f3c7fa6e0

[32meth_call[0m
  Contract call:       <UnrecognizedContract>
  From:                0xf39fd6e51aad88f6f4ce6ab8827279cfffb92266
  To:                  0x9fe46736679d2d9a65f0992f2272de9f3c7fa6e0

[32meth_getBlockByNumber[0m
[32meth_call[0m
  Contract call:       InterestRateModel#getBorrowRate
  From:                0xf39fd6e51aad88f6f4ce6ab8827279cfffb92266
  To:                  0x2279b7a0a67db372996a5fab50d91eaa73d2ebe6

[32meth_call[0m
  Contract call:       <UnrecognizedContract>
  From:                0x90f79bf6eb2c4f870365e785982e1f101e93b906
  To:                  0x9fe46736679d2d9a65f0992f2272de9f3c7fa6e0

[32meth_call[0m
  Contract call:       LendingManager#getWithdrawalStatus
  From:                0x90f79bf6eb2c4f870365e785982e1f101e93b906
  To:                  0xcf7ed3acca5a467e9e704c703e8d87f634fb0fc9

[32meth_call[0m
  Contract call:       <UnrecognizedContract>
  From:                0x90f79bf6eb2c4f870365e785982e1f101e93b906
  To:                  0x9fe46736679d2d9a65f0992f2272de9f3c7fa6e0

[32meth_call[0m
  Contract call:       LendingManager#getInterestTierCount
  From:                0x90f79bf6eb2c4f870365e785982e1f101e93b906
  To:                  0xcf7ed3acca5a467e9e704c703e8d87f634fb0fc9

[32meth_call[0m
  Contract call:       <UnrecognizedContract>
  From:                0x90f79bf6eb2c4f870365e785982e1f101e93b906
  To:                  0x9fe46736679d2d9a65f0992f2272de9f3c7fa6e0

[32meth_call[0m
  Contract call:       <UnrecognizedContract>
  From:                0x90f79bf6eb2c4f870365e785982e1f101e93b906
  To:                  0x9fe46736679d2d9a65f0992f2272de9f3c7fa6e0

[32meth_call[0m
  Contract call:       LendingManager#getLenderInfo
  From:                0x90f79bf6eb2c4f870365e785982e1f101e93b906
  To:                  0xcf7ed3acca5a467e9e704c703e8d87f634fb0fc9

[32meth_call[0m
  Contract call:       LendingManager#currentDailyRate
  From:                0x90f79bf6eb2c4f870365e785982e1f101e93b906
  To:                  0xcf7ed3acca5a467e9e704c703e8d87f634fb0fc9

[32meth_call[0m
  Contract call:       InterestRateModel#getSupplyRate
  From:                0xf39fd6e51aad88f6f4ce6ab8827279cfffb92266
  To:                  0x2279b7a0a67db372996a5fab50d91eaa73d2ebe6

[32meth_call[0m
  Contract call:       LendingManager#getInterestTier
  From:                0x90f79bf6eb2c4f870365e785982e1f101e93b906
  To:                  0xcf7ed3acca5a467e9e704c703e8d87f634fb0fc9

[32meth_call[0m
  Contract call:       <UnrecognizedContract>
  From:                0x90f79bf6eb2c4f870365e785982e1f101e93b906
  To:                  0x9fe46736679d2d9a65f0992f2272de9f3c7fa6e0

[32meth_call[0m
  Contract call:       LendingManager#totalLent
  From:                0x90f79bf6eb2c4f870365e785982e1f101e93b906
  To:                  0xcf7ed3acca5a467e9e704c703e8d87f634fb0fc9

[32meth_call[0m
  Contract call:       LendingManager#getInterestTier
  From:                0x90f79bf6eb2c4f870365e785982e1f101e93b906
  To:                  0xcf7ed3acca5a467e9e704c703e8d87f634fb0fc9

[32meth_call[0m
  Contract call:       <UnrecognizedContract>
  From:                0x90f79bf6eb2c4f870365e785982e1f101e93b906
  To:                  0x9fe46736679d2d9a65f0992f2272de9f3c7fa6e0

[32meth_call[0m
  Contract call:       LendingManager#getInterestTier
  From:                0x90f79bf6eb2c4f870365e785982e1f101e93b906
  To:                  0xcf7ed3acca5a467e9e704c703e8d87f634fb0fc9

[32meth_blockNumber[0m
[32meth_blockNumber (2)[0m
[32meth_blockNumber (3)[0m
[32meth_blockNumber (4)[0m
[32meth_blockNumber (5)[0m
[32meth_blockNumber (6)[0m
[32meth_blockNumber (7)[0m
[32meth_blockNumber (8)[0m
[32meth_blockNumber (9)[0m
[32meth_blockNumber (10)[0m
[32meth_blockNumber (11)[0m
[32meth_blockNumber (12)[0m
[32meth_blockNumber (13)[0m
[32meth_blockNumber (14)[0m
[32meth_blockNumber (15)[0m
[32meth_blockNumber (16)[0m
[32meth_blockNumber (17)[0m
[32meth_blockNumber (18)[0m
[32meth_blockNumber (19)[0m
[32meth_blockNumber (20)[0m
[32meth_blockNumber (21)[0m
[32meth_blockNumber (22)[0m
[32meth_blockNumber (23)[0m
[32meth_blockNumber (24)[0m
[32meth_blockNumber (25)[0m
[32meth_blockNumber (26)[0m
[32meth_blockNumber (27)[0m
[32meth_call[0m
  Contract call:       InterestRateModel#getBorrowRate
  From:                0xf39fd6e51aad88f6f4ce6ab8827279cfffb92266
  To:                  0x2279b7a0a67db372996a5fab50d91eaa73d2ebe6

[32meth_call[0m
  Contract call:       InterestRateModel#getSupplyRate
  From:                0xf39fd6e51aad88f6f4ce6ab8827279cfffb92266
  To:                  0x2279b7a0a67db372996a5fab50d91eaa73d2ebe6

[32meth_blockNumber[0m
[32meth_blockNumber (2)[0m
[32meth_blockNumber (3)[0m
[32meth_blockNumber (4)[0m
[32meth_blockNumber (5)[0m
[32meth_blockNumber (6)[0m
[32meth_blockNumber (7)[0m
[32meth_blockNumber (8)[0m
[32meth_blockNumber (9)[0m
[32meth_blockNumber (10)[0m
[32meth_blockNumber (11)[0m
[32meth_blockNumber (12)[0m
[32meth_blockNumber (13)[0m
[32meth_blockNumber (14)[0m
[32meth_blockNumber (15)[0m
[32meth_blockNumber (16)[0m
[32meth_blockNumber (17)[0m
[32meth_blockNumber (18)[0m
[32meth_blockNumber (19)[0m
[32meth_blockNumber (20)[0m
[32meth_blockNumber (21)[0m
[32meth_blockNumber (22)[0m
[32meth_blockNumber (23)[0m
[32mhardhat_addCompilationResult[0m
[32meth_blockNumber[0m
[32meth_blockNumber (2)[0m
[32meth_blockNumber (3)[0m
[32meth_blockNumber (4)[0m
[32meth_blockNumber (5)[0m
[32meth_blockNumber (6)[0m
